#
# A fatal error has been detected by the Java Runtime Environment:
#
#  EXCEPTION_ACCESS_VIOLATION (0xc0000005) at pc=0x00007ffa1b916b07, pid=6888, tid=15580
#
# JRE version: Java(TM) SE Runtime Environment (17.0.8+9) (build 17.0.8+9-LTS-211)
# Java VM: Java HotSpot(TM) 64-Bit Server VM (17.0.8+9-LTS-211, mixed mode, sharing, tiered, compressed oops, compressed class ptrs, g1 gc, windows-amd64)
# Problematic frame:
# C  [glass.dll+0x26b07]
#
# No core dump will be written. Minidumps are not enabled by default on client versions of Windows
#
# If you would like to submit a bug report, please visit:
#   https://bugreport.java.com/bugreport/crash.jsp
#

---------------  S U M M A R Y ------------

Command Line: -javaagent:C:\Program Files\JetBrains\IntelliJ IDEA Community Edition 2023.2.1\lib\idea_rt.jar=61151:C:\Program Files\JetBrains\IntelliJ IDEA Community Edition 2023.2.1\bin -Dfile.encoding=UTF-8 --module-path=C:\Users\Michael\.m2\repository\org\openjfx\javafx-base\17.0.6\javafx-base-17.0.6-win.jar;C:\Users\Michael\.m2\repository\org\openjfx\javafx-controls\17.0.6\javafx-controls-17.0.6-win.jar;C:\Users\Michael\.m2\repository\org\openjfx\javafx-graphics\17.0.6\javafx-graphics-17.0.6-win.jar;C:\Users\Michael\IdeaProjects\courselast\target\classes;C:\Users\Michael\.m2\repository\org\openjfx\javafx-fxml\17.0.6\javafx-fxml-17.0.6-win.jar -Djdk.module.main=com.example.courselast com.example.courselast/com.example.courselast.Main

Host: AMD Ryzen 7 4800H with Radeon Graphics         , 16 cores, 15G,  Windows 11 , 64 bit Build 22621 (10.0.22621.3085)
Time: Fri Mar  8 14:26:32 2024  Windows 11 , 64 bit Build 22621 (10.0.22621.3085) elapsed time: 15.154516 seconds (0d 0h 0m 15s)

---------------  T H R E A D  ---------------

Current thread (0x000002107ec18910):  VMThread "VM Thread" [stack: 0x000000e846800000,0x000000e846900000] [id=15580]

Stack: [0x000000e846800000,0x000000e846900000],  sp=0x000000e8468ff320,  free space=1020k
Native frames: (J=compiled Java code, j=interpreted, Vv=VM code, C=native code)
C  [glass.dll+0x26b07]


siginfo: EXCEPTION_ACCESS_VIOLATION (0xc0000005), reading address 0x0000000000000000


Register to memory mapping:

RIP=0x00007ffa1b916b07 glass.dll
RAX=0x0 is NULL
RBX=0x000002107ec2dcb0 is a global jni handle
RCX=0x000002107ec18910 points into unknown readable memory: 0x00007ff9fcf06a68 | 68 6a f0 fc f9 7f 00 00
RDX=0x000000e8468ff320 points into unknown readable memory: 0x0000000000000000 | 00 00 00 00 00 00 00 00
RSP=0x000000e8468ff320 points into unknown readable memory: 0x0000000000000000 | 00 00 00 00 00 00 00 00
RBP=0x0000021045472078 points into unknown readable memory: 0x0000ee80a421338d | 8d 33 21 a4 80 ee 00 00
RSI=0x000000e8468ff428 points into unknown readable memory: 0x000000e8468ff410 | 10 f4 8f 46 e8 00 00 00
RDI=0x0000021045472050 points into unknown readable memory: 0x0fffadf283fcb38d | 8d b3 fc 83 f2 ad ff 0f
R8 =0x0000000000010002 is an unknown value
R9 =0x0000021045472050 points into unknown readable memory: 0x0fffadf283fcb38d | 8d b3 fc 83 f2 ad ff 0f
R10=0x85f13e9656da4870 is an unknown value
R11=0x000000e8468ff2b0 points into unknown readable memory: 0x0000021045472050 | 50 20 47 45 10 02 00 00
R12=0x00007ffa1b9143d4 glass.dll
R13=0x00007ff9fd0c1150 jvm.dll
R14=0x0000ee80a421338d is an unknown value
R15=0x0000021045472050 points into unknown readable memory: 0x0fffadf283fcb38d | 8d b3 fc 83 f2 ad ff 0f


Registers:
RAX=0x0000000000000000, RBX=0x000002107ec2dcb0, RCX=0x000002107ec18910, RDX=0x000000e8468ff320
RSP=0x000000e8468ff320, RBP=0x0000021045472078, RSI=0x000000e8468ff428, RDI=0x0000021045472050
R8 =0x0000000000010002, R9 =0x0000021045472050, R10=0x85f13e9656da4870, R11=0x000000e8468ff2b0
R12=0x00007ffa1b9143d4, R13=0x00007ff9fd0c1150, R14=0x0000ee80a421338d, R15=0x0000021045472050
RIP=0x00007ffa1b916b07, EFLAGS=0x0000000000010206

Top of Stack: (sp=0x000000e8468ff320)
0x000000e8468ff320:   0000000000000000 000000e8468ff428
0x000000e8468ff330:   00007ff9fd0c1150 00007ffa1b9143d4
0x000000e8468ff340:   0000021045472058 00007ffa6c433a83
0x000000e8468ff350:   0000021045472050 0000021000000000
0x000000e8468ff360:   0000021045472078 000000e8468ff428
0x000000e8468ff370:   fffffffffffffffe 0000000000000000
0x000000e8468ff380:   0000000000000001 00007ffa1b8f0000
0x000000e8468ff390:   000000e8468ff418 00007ffa6c40006e
0x000000e8468ff3a0:   0000000000000000 000000e8468ff428
0x000000e8468ff3b0:   000000e8468ff710 0000000000000001
0x000000e8468ff3c0:   0000000000000001 00007ffa6c3fda1d
0x000000e8468ff3d0:   0000000000000000 00007ffa1b913bcd
0x000000e8468ff3e0:   00007ffa68015ed0 000000e8468ff418
0x000000e8468ff3f0:   fffffffffffffffe 000000e8468ff3e0
0x000000e8468ff400:   0000000000000000 00007ffa1b914261
0x000000e8468ff410:   00007ffa1b92a138 00007ffa00000002 

Instructions: (pc=0x00007ffa1b916b07)
0x00007ffa1b916a07:   8b 4d 58 e8 01 cf ff ff 48 8b 4d 60 e8 f8 ce ff
0x00007ffa1b916a17:   ff 48 8b 95 80 00 00 00 48 8b 8d 18 01 00 00 e8
0x00007ffa1b916a27:   c6 c3 ff ff 33 d2 33 c9 e8 3c e1 ff ff 90 48 89
0x00007ffa1b916a37:   54 24 10 55 48 83 ec 20 48 8b ea 48 b8 00 00 00
0x00007ffa1b916a47:   00 00 00 00 00 48 83 c4 20 5d c3 cc 40 55 48 8b
0x00007ffa1b916a57:   ea 48 8b 01 33 c9 81 38 05 00 00 c0 0f 94 c1 8b
0x00007ffa1b916a67:   c1 5d c3 cc 40 55 48 83 ec 20 48 8b ea 8a 4d 40
0x00007ffa1b916a77:   48 83 c4 20 5d e9 f7 d2 ff ff cc 40 55 48 83 ec
0x00007ffa1b916a87:   20 48 8b ea 8a 4d 20 e8 e5 d2 ff ff 90 48 83 c4
0x00007ffa1b916a97:   20 5d c3 cc 40 55 48 83 ec 20 48 8b ea 48 83 c4
0x00007ffa1b916aa7:   20 5d e9 46 d1 ff ff cc 40 55 48 83 ec 30 48 8b
0x00007ffa1b916ab7:   ea 48 8b 01 8b 10 48 89 4c 24 28 89 54 24 20 4c
0x00007ffa1b916ac7:   8d 0d e7 d5 ff ff 4c 8b 45 70 8b 55 68 48 8b 4d
0x00007ffa1b916ad7:   60 e8 87 d0 ff ff 90 48 83 c4 30 5d c3 cc cc cc
0x00007ffa1b916ae7:   cc cc cc cc cc cc cc cc cc 40 53 48 83 ec 20 48
0x00007ffa1b916af7:   8b 1d 33 30 01 00 48 85 db 74 16 e8 09 8b ff ff
0x00007ffa1b916b07:   4c 8b 00 48 8b d3 48 8b c8 41 ff 90 b0 00 00 00
0x00007ffa1b916b17:   90 48 83 c4 20 5b c3 cc cc 40 53 48 83 ec 20 48
0x00007ffa1b916b27:   8b 1d ab 31 01 00 48 85 db 74 57 b8 ff ff ff ff
0x00007ffa1b916b37:   f0 0f c1 43 10 83 f8 01 75 3d 48 85 db 74 38 48
0x00007ffa1b916b47:   8b 0b 48 85 c9 74 0d ff 15 54 07 00 00 48 c7 03
0x00007ffa1b916b57:   00 00 00 00 48 8b 4b 08 48 85 c9 74 0d e8 a7 cd
0x00007ffa1b916b67:   ff ff 48 c7 43 08 00 00 00 00 ba 18 00 00 00 48
0x00007ffa1b916b77:   8b cb e8 92 cd ff ff 48 c7 05 4f 31 01 00 00 00
0x00007ffa1b916b87:   00 00 48 83 c4 20 5b c3 cc 40 53 48 83 ec 20 48
0x00007ffa1b916b97:   8b 1d 1b 31 01 00 48 85 db 74 57 b8 ff ff ff ff
0x00007ffa1b916ba7:   f0 0f c1 43 10 83 f8 01 75 3d 48 85 db 74 38 48
0x00007ffa1b916bb7:   8b 0b 48 85 c9 74 0d ff 15 e4 06 00 00 48 c7 03
0x00007ffa1b916bc7:   00 00 00 00 48 8b 4b 08 48 85 c9 74 0d e8 37 cd
0x00007ffa1b916bd7:   ff ff 48 c7 43 08 00 00 00 00 ba 18 00 00 00 48
0x00007ffa1b916be7:   8b cb e8 22 cd ff ff 48 c7 05 bf 30 01 00 00 00
0x00007ffa1b916bf7:   00 00 48 83 c4 20 5b c3 cc 40 53 48 83 ec 20 48 


Stack slot to memory mapping:
stack at sp + 0 slots: 0x0 is NULL
stack at sp + 1 slots: 0x000000e8468ff428 points into unknown readable memory: 0x000000e8468ff410 | 10 f4 8f 46 e8 00 00 00
stack at sp + 2 slots: 0x00007ff9fd0c1150 jvm.dll
stack at sp + 3 slots: 0x00007ffa1b9143d4 glass.dll
stack at sp + 4 slots: 0x0000021045472058 points into unknown readable memory: 0x0000ee80a421338d | 8d 33 21 a4 80 ee 00 00
stack at sp + 5 slots: 0x00007ffa6c433a83 ucrtbase.dll
stack at sp + 6 slots: 0x0000021045472050 points into unknown readable memory: 0x0fffadf283fcb38d | 8d b3 fc 83 f2 ad ff 0f
stack at sp + 7 slots: 0x0000021000000000 is pointing into metadata

VM_Operation (0x000000e8473ff210): Exit, mode: safepoint, requested by thread 0x00000210467a5ad0


---------------  P R O C E S S  ---------------

Threads class SMR info:
_java_thread_list=0x0000021045b9f8a0, length=22, elements={
0x000002105b7d1710, 0x000002107ec1c800, 0x000002107ec1d470, 0x000002107ed38120,
0x000002107ed38ad0, 0x000002107ed39480, 0x000002107ed3a440, 0x000002107ed3b1d0,
0x000002107ed3c080, 0x000002107ed54f60, 0x000002107ec04900, 0x000002104593b380,
0x0000021045d066f0, 0x0000021045950030, 0x000002104543fee0, 0x000002104542e7b0,
0x000002107f841920, 0x000002107f841df0, 0x00000210463814a0, 0x00000210467a7c80,
0x00000210467a5fa0, 0x00000210467a5ad0
}

Java Threads: ( => current thread )
  0x000002105b7d1710 JavaThread "main" [_thread_blocked, id=8092, stack(0x000000e846200000,0x000000e846300000)]
  0x000002107ec1c800 JavaThread "Reference Handler" daemon [_thread_blocked, id=14272, stack(0x000000e846900000,0x000000e846a00000)]
  0x000002107ec1d470 JavaThread "Finalizer" daemon [_thread_blocked, id=15396, stack(0x000000e846a00000,0x000000e846b00000)]
  0x000002107ed38120 JavaThread "Signal Dispatcher" daemon [_thread_blocked, id=15280, stack(0x000000e846b00000,0x000000e846c00000)]
  0x000002107ed38ad0 JavaThread "Attach Listener" daemon [_thread_blocked, id=4652, stack(0x000000e846c00000,0x000000e846d00000)]
  0x000002107ed39480 JavaThread "Service Thread" daemon [_thread_blocked, id=14480, stack(0x000000e846d00000,0x000000e846e00000)]
  0x000002107ed3a440 JavaThread "Monitor Deflation Thread" daemon [_thread_blocked, id=1132, stack(0x000000e846e00000,0x000000e846f00000)]
  0x000002107ed3b1d0 JavaThread "C2 CompilerThread0" daemon [_thread_blocked, id=14712, stack(0x000000e846f00000,0x000000e847000000)]
  0x000002107ed3c080 JavaThread "C1 CompilerThread0" daemon [_thread_blocked, id=1960, stack(0x000000e847000000,0x000000e847100000)]
  0x000002107ed54f60 JavaThread "Sweeper thread" daemon [_thread_blocked, id=12736, stack(0x000000e847100000,0x000000e847200000)]
  0x000002107ec04900 JavaThread "Common-Cleaner" daemon [_thread_blocked, id=5628, stack(0x000000e847200000,0x000000e847300000)]
  0x000002104593b380 JavaThread "Monitor Ctrl-Break" daemon [_thread_in_native, id=15892, stack(0x000000e847c00000,0x000000e847d00000)]
  0x0000021045d066f0 JavaThread "Notification Thread" daemon [_thread_blocked, id=9856, stack(0x000000e847d00000,0x000000e847e00000)]
  0x0000021045950030 JavaThread "QuantumRenderer-0" daemon [_thread_blocked, id=8580, stack(0x000000e847a00000,0x000000e847b00000)]
  0x000002104543fee0 JavaThread "InvokeLaterDispatcher" daemon [_thread_blocked, id=1376, stack(0x000000e848000000,0x000000e848100000)]
  0x000002104542e7b0 JavaThread "JavaFX Application Thread" [_thread_in_native, id=6224, stack(0x000000e848100000,0x000000e848200000)]
  0x000002107f841920 JavaThread "Thread-1" daemon [_thread_in_native, id=5432, stack(0x000000e848c00000,0x000000e848d00000)]
  0x000002107f841df0 JavaThread "JavaFX-Launcher" [_thread_blocked, id=11668, stack(0x000000e848d00000,0x000000e848e00000)]
  0x00000210463814a0 JavaThread "Prism Font Disposer" daemon [_thread_blocked, id=15840, stack(0x000000e849400000,0x000000e849500000)]
  0x00000210467a7c80 JavaThread "Cleaner-0" daemon [_thread_blocked, id=9108, stack(0x000000e849b00000,0x000000e849c00000)]
  0x00000210467a5fa0 JavaThread "mysql-cj-abandoned-connection-cleanup" daemon [_thread_blocked, id=9628, stack(0x000000e847800000,0x000000e847900000)]
  0x00000210467a5ad0 JavaThread "SIGINT handler" daemon [_thread_blocked, id=8904, stack(0x000000e847300000,0x000000e847400000)]

Other Threads:
=>0x000002107ec18910 VMThread "VM Thread" [stack: 0x000000e846800000,0x000000e846900000] [id=15580]
  0x000002105b83b740 GCTaskThread "GC Thread#0" [stack: 0x000000e846300000,0x000000e846400000] [id=3172]
  0x0000021045b83e10 GCTaskThread "GC Thread#1" [stack: 0x000000e848e00000,0x000000e848f00000] [id=7536]
  0x0000021045b8bcb0 GCTaskThread "GC Thread#2" [stack: 0x000000e848f00000,0x000000e849000000] [id=100]
  0x0000021045b8bf60 GCTaskThread "GC Thread#3" [stack: 0x000000e849000000,0x000000e849100000] [id=10492]
  0x0000021045b8c210 GCTaskThread "GC Thread#4" [stack: 0x000000e849100000,0x000000e849200000] [id=4472]
  0x0000021045b8c4c0 GCTaskThread "GC Thread#5" [stack: 0x000000e849200000,0x000000e849300000] [id=6656]
  0x00000210466c06e0 GCTaskThread "GC Thread#6" [stack: 0x000000e847900000,0x000000e847a00000] [id=8436]
  0x00000210463ae510 GCTaskThread "GC Thread#7" [stack: 0x000000e849500000,0x000000e849600000] [id=14944]
  0x00000210463423e0 GCTaskThread "GC Thread#8" [stack: 0x000000e849600000,0x000000e849700000] [id=8400]
  0x0000021046342aa0 GCTaskThread "GC Thread#9" [stack: 0x000000e849700000,0x000000e849800000] [id=15972]
  0x0000021046329070 GCTaskThread "GC Thread#10" [stack: 0x000000e849800000,0x000000e849900000] [id=5968]
  0x0000021046329880 GCTaskThread "GC Thread#11" [stack: 0x000000e849900000,0x000000e849a00000] [id=14620]
  0x00000210463295d0 GCTaskThread "GC Thread#12" [stack: 0x000000e849a00000,0x000000e849b00000] [id=7708]
  0x000002105b84bd40 ConcurrentGCThread "G1 Main Marker" terminated
  0x000002105b84df00 ConcurrentGCThread "G1 Conc#0" [stack: 0x000000e846500000,0x000000e846600000] [id=14576]
  0x0000021046329320 ConcurrentGCThread "G1 Conc#1" [stack: 0x000000e849e00000,0x000000e849f00000] [id=9504]
  0x0000021046328300 ConcurrentGCThread "G1 Conc#2" [stack: 0x000000e849f00000,0x000000e84a000000] [id=13600]
  0x000002107eace540 ConcurrentGCThread "G1 Refine#0" terminated
  0x000002107eaced70 ConcurrentGCThread "G1 Service" terminated

Threads with active compile tasks:
C1 CompilerThread0  
[error occurred during error reporting (printing all threads), id 0xc0000005, EXCEPTION_ACCESS_VIOLATION (0xc0000005) at pc=0x00007ff9fcd173d3]

VM state: at safepoint (shutting down)

VM Mutex/Monitor currently owned by a thread:  ([mutex/lock_event])
[0x000002105b7ce9f0] Threads_lock - owner thread: 0x000002107ec18910
[0x000002105b7ce570] Heap_lock - owner thread: 0x00000210467a5ad0

Heap address: 0x0000000709400000, size: 3948 MB, Compressed Oops mode: Zero based, Oop shift amount: 3

CDS archive(s) mapped at: [0x0000021000000000-0x0000021000bd0000-0x0000021000bd0000), size 12386304, SharedBaseAddress: 0x0000021000000000, ArchiveRelocationMode: 1.
Compressed class space mapped at: 0x0000021001000000-0x0000021041000000, reserved size: 1073741824
Narrow klass base: 0x0000021000000000, Narrow klass shift: 0, Narrow klass range: 0x100000000

GC Precious Log:
 CPUs: 16 total, 16 available
 Memory: 15791M
 Large Page Support: Disabled
 NUMA Support: Disabled
 Compressed Oops: Enabled (Zero based)
 Heap Region Size: 2M
 Heap Min Capacity: 8M
 Heap Initial Capacity: 248M
 Heap Max Capacity: 3948M
 Pre-touch: Disabled
 Parallel Workers: 13
 Concurrent Workers: 3
 Concurrent Refinement Workers: 13
 Periodic GC: Disabled

Heap:
 garbage-first heap   total 55296K, used 28541K [0x0000000709400000, 0x0000000800000000)
  region size 2048K, 13 young (26624K), 5 survivors (10240K)
 Metaspace       used 24334K, committed 24576K, reserved 1114112K
  class space    used 3222K, committed 3328K, reserved 1048576K

Heap Regions: E=young(eden), S=young(survivor), O=old, HS=humongous(starts), HC=humongous(continues), CS=collection set, F=free, OA=open archive, CA=closed archive, TAMS=top-at-mark-start (previous, next)
|   0|0x0000000709400000, 0x00000007094fa200, 0x0000000709600000| 48%| O|  |TAMS 0x00000007094fa200, 0x0000000709400000| Complete 
|   1|0x0000000709600000, 0x0000000709800000, 0x0000000709800000|100%|HS|  |TAMS 0x0000000709800000, 0x0000000709600000| Complete 
|   2|0x0000000709800000, 0x0000000709a00000, 0x0000000709a00000|100%|HS|  |TAMS 0x0000000709800000, 0x0000000709800000| Complete 
|   3|0x0000000709a00000, 0x0000000709a00000, 0x0000000709c00000|  0%| F|  |TAMS 0x0000000709a00000, 0x0000000709a00000| Untracked 
|   4|0x0000000709c00000, 0x0000000709c00000, 0x0000000709e00000|  0%| F|  |TAMS 0x0000000709c00000, 0x0000000709c00000| Untracked 
|   5|0x0000000709e00000, 0x0000000709e00000, 0x000000070a000000|  0%| F|  |TAMS 0x0000000709e00000, 0x0000000709e00000| Untracked 
|   6|0x000000070a000000, 0x000000070a000000, 0x000000070a200000|  0%| F|  |TAMS 0x000000070a000000, 0x000000070a000000| Untracked 
|   7|0x000000070a200000, 0x000000070a200000, 0x000000070a400000|  0%| F|  |TAMS 0x000000070a200000, 0x000000070a200000| Untracked 
|   8|0x000000070a400000, 0x000000070a400000, 0x000000070a600000|  0%| F|  |TAMS 0x000000070a400000, 0x000000070a400000| Untracked 
|   9|0x000000070a600000, 0x000000070a600000, 0x000000070a800000|  0%| F|  |TAMS 0x000000070a600000, 0x000000070a600000| Untracked 
|  10|0x000000070a800000, 0x000000070a800000, 0x000000070aa00000|  0%| F|  |TAMS 0x000000070a800000, 0x000000070a800000| Untracked 
|  11|0x000000070aa00000, 0x000000070aa00000, 0x000000070ac00000|  0%| F|  |TAMS 0x000000070aa00000, 0x000000070aa00000| Untracked 
|  12|0x000000070ac00000, 0x000000070ac00000, 0x000000070ae00000|  0%| F|  |TAMS 0x000000070ac00000, 0x000000070ac00000| Untracked 
|  13|0x000000070ae00000, 0x000000070ae00000, 0x000000070b000000|  0%| F|  |TAMS 0x000000070ae00000, 0x000000070ae00000| Untracked 
|  14|0x000000070b000000, 0x000000070b0198c0, 0x000000070b200000|  4%| E|  |TAMS 0x000000070b000000, 0x000000070b000000| Complete 
|  15|0x000000070b200000, 0x000000070b400000, 0x000000070b400000|100%| E|CS|TAMS 0x000000070b200000, 0x000000070b200000| Complete 
|  16|0x000000070b400000, 0x000000070b600000, 0x000000070b600000|100%| E|CS|TAMS 0x000000070b400000, 0x000000070b400000| Complete 
|  17|0x000000070b600000, 0x000000070b800000, 0x000000070b800000|100%| E|CS|TAMS 0x000000070b600000, 0x000000070b600000| Complete 
|  18|0x000000070b800000, 0x000000070ba00000, 0x000000070ba00000|100%| E|CS|TAMS 0x000000070b800000, 0x000000070b800000| Complete 
|  19|0x000000070ba00000, 0x000000070bc00000, 0x000000070bc00000|100%| E|CS|TAMS 0x000000070ba00000, 0x000000070ba00000| Complete 
|  20|0x000000070bc00000, 0x000000070be00000, 0x000000070be00000|100%| E|CS|TAMS 0x000000070bc00000, 0x000000070bc00000| Complete 
| 110|0x0000000717000000, 0x00000007170e53c8, 0x0000000717200000| 44%| S|CS|TAMS 0x0000000717000000, 0x0000000717000000| Complete 
| 111|0x0000000717200000, 0x0000000717400000, 0x0000000717400000|100%| S|CS|TAMS 0x0000000717200000, 0x0000000717200000| Complete 
| 112|0x0000000717400000, 0x0000000717600000, 0x0000000717600000|100%| S|CS|TAMS 0x0000000717400000, 0x0000000717400000| Complete 
| 113|0x0000000717600000, 0x0000000717800000, 0x0000000717800000|100%| S|CS|TAMS 0x0000000717600000, 0x0000000717600000| Complete 
| 114|0x0000000717800000, 0x0000000717a00000, 0x0000000717a00000|100%| S|CS|TAMS 0x0000000717800000, 0x0000000717800000| Complete 
| 123|0x0000000718a00000, 0x0000000718c00000, 0x0000000718c00000|100%| E|CS|TAMS 0x0000000718a00000, 0x0000000718a00000| Complete 

Card table byte_map: [0x00000210730c0000,0x0000021073880000] _byte_map_base: 0x000002106f876000

Marking Bits (Prev, Next): (CMBitMap*) 0x000002105b83bd90, (CMBitMap*) 0x000002105b83bd50
 Prev Bits: [0x0000021077df0000, 0x000002107bba0000)
 Next Bits: [0x0000021074040000, 0x0000021077df0000)

Polling page: 0x0000021059970000

Metaspace:

Usage:
  Non-class:     20.62 MB used.
      Class:      3.15 MB used.
       Both:     23.76 MB used.

Virtual space:
  Non-class space:       64.00 MB reserved,      20.75 MB ( 32%) committed,  1 nodes.
      Class space:        1.00 GB reserved,       3.25 MB ( <1%) committed,  1 nodes.
             Both:        1.06 GB reserved,      24.00 MB (  2%) committed. 

Chunk freelists:
   Non-Class:  11.06 MB
       Class:  12.75 MB
        Both:  23.81 MB

MaxMetaspaceSize: unlimited
CompressedClassSpaceSize: 1.00 GB
Initial GC threshold: 21.00 MB
Current GC threshold: 35.12 MB
CDS: on
MetaspaceReclaimPolicy: balanced
 - commit_granule_bytes: 65536.
 - commit_granule_words: 8192.
 - virtual_space_node_default_size: 8388608.
 - enlarge_chunks_in_place: 1.
 - new_chunks_are_fully_committed: 0.
 - uncommit_free_chunks: 1.
 - use_allocation_guard: 0.
 - handle_deallocations: 1.


Internal statistics:

num_allocs_failed_limit: 3.
num_arena_births: 244.
num_arena_deaths: 0.
num_vsnodes_births: 2.
num_vsnodes_deaths: 0.
num_space_committed: 384.
num_space_uncommitted: 0.
num_chunks_returned_to_freelist: 3.
num_chunks_taken_from_freelist: 920.
num_chunk_merges: 0.
num_chunk_splits: 627.
num_chunks_enlarged: 481.
num_purges: 0.
num_inconsistent_stats: 0.

CodeHeap 'non-profiled nmethods': size=119168Kb used=1550Kb max_used=1550Kb free=117617Kb
 bounds [0x000002106ac10000, 0x000002106ae80000, 0x0000021072070000]
CodeHeap 'profiled nmethods': size=119104Kb used=7442Kb max_used=7442Kb free=111661Kb
 bounds [0x0000021063070000, 0x00000210637c0000, 0x000002106a4c0000]
CodeHeap 'non-nmethods': size=7488Kb used=1504Kb max_used=3220Kb free=5983Kb
 bounds [0x000002106a4c0000, 0x000002106a7f0000, 0x000002106ac10000]
 total_blobs=4663 nmethods=3781 adapters=793
 compilation: enabled
              stopped_count=0, restarted_count=0
 full_count=0

Compilation events (20 events):
Event: 11.567 Thread 0x000002107ed3b1d0 nmethod 3776 0x000002106ad8bf90 code [0x000002106ad8c160, 0x000002106ad8c5e8]
Event: 11.626 Thread 0x000002107ed3b1d0 3777       4       javafx.scene.Node::getLocalBounds (162 bytes)
Event: 11.638 Thread 0x000002107ed3b1d0 nmethod 3777 0x000002106ad8c910 code [0x000002106ad8cb60, 0x000002106ad8d448]
Event: 11.931 Thread 0x000002107ed3b1d0 3778       4       javafx.scene.Node::updateLocalToParentTransform (442 bytes)
Event: 11.937 Thread 0x000002107ed3b1d0 nmethod 3778 0x000002106ad8db10 code [0x000002106ad8dd60, 0x000002106ad8e370]
Event: 12.424 Thread 0x000002107ed3b1d0 3779       4       com.sun.javafx.geom.PickRay::setOrigin (12 bytes)
Event: 12.425 Thread 0x000002107ed3b1d0 nmethod 3779 0x000002106ad8e890 code [0x000002106ad8ea00, 0x000002106ad8eab8]
Event: 12.432 Thread 0x000002107ed3b1d0 3780   !   4       javafx.scene.Node::intersectsBounds (1005 bytes)
Event: 12.452 Thread 0x000002107ed3b1d0 nmethod 3780 0x000002106ad8eb90 code [0x000002106ad8ee80, 0x000002106ad902e0]
Event: 12.456 Thread 0x000002107ed3b1d0 3781       4       java.util.EnumMap$EnumMapIterator::hasNext (64 bytes)
Event: 12.458 Thread 0x000002107ed3b1d0 nmethod 3781 0x000002106ad91b10 code [0x000002106ad91ca0, 0x000002106ad91df8]
Event: 13.437 Thread 0x000002107ed3b1d0 3782   !   4       javafx.scene.Node::pickNode (130 bytes)
Event: 13.443 Thread 0x000002107ed3b1d0 nmethod 3782 0x000002106ad91f10 code [0x000002106ad920e0, 0x000002106ad92608]
Event: 13.695 Thread 0x000002107ed3b1d0 3783       4       com.sun.javafx.event.EventHandlerManager::dispatchBubblingEvent (41 bytes)
Event: 13.702 Thread 0x000002107ed3b1d0 nmethod 3783 0x000002106ad92d10 code [0x000002106ad92ee0, 0x000002106ad932f0]
Event: 14.811 Thread 0x000002107ed3c080 3784       1       java.util.logging.LogManager$LoggerContext::getOwner (5 bytes)
Event: 14.811 Thread 0x000002107ed3c080 nmethod 3784 0x000002106ad93710 code [0x000002106ad938a0, 0x000002106ad93978]
Event: 14.812 Thread 0x000002107ed3c080 3785       3       com.sun.prism.impl.BaseResourcePool$WeakLinkedList::getResource (11 bytes)
Event: 14.812 Thread 0x000002107ed3c080 nmethod 3785 0x00000210637b4310 code [0x00000210637b44c0, 0x00000210637b4798]
Event: 14.812 Thread 0x000002107ed3c080 3786       3       java.lang.invoke.MethodHandles$Lookup::findConstructor (61 bytes)

GC Heap History (6 events):
Event: 0.740 GC heap before
{Heap before GC invocations=0 (full 0):
 garbage-first heap   total 253952K, used 20480K [0x0000000709400000, 0x0000000800000000)
  region size 2048K, 11 young (22528K), 0 survivors (0K)
 Metaspace       used 5003K, committed 5184K, reserved 1114112K
  class space    used 584K, committed 640K, reserved 1048576K
}
Event: 0.743 GC heap after
{Heap after GC invocations=1 (full 0):
 garbage-first heap   total 253952K, used 2810K [0x0000000709400000, 0x0000000800000000)
  region size 2048K, 2 young (4096K), 2 survivors (4096K)
 Metaspace       used 5003K, committed 5184K, reserved 1114112K
  class space    used 584K, committed 640K, reserved 1048576K
}
Event: 1.463 GC heap before
{Heap before GC invocations=1 (full 0):
 garbage-first heap   total 253952K, used 39674K [0x0000000709400000, 0x0000000800000000)
  region size 2048K, 20 young (40960K), 2 survivors (4096K)
 Metaspace       used 14036K, committed 14272K, reserved 1114112K
  class space    used 2045K, committed 2112K, reserved 1048576K
}
Event: 1.469 GC heap after
{Heap after GC invocations=2 (full 0):
 garbage-first heap   total 253952K, used 7144K [0x0000000709400000, 0x0000000800000000)
  region size 2048K, 3 young (6144K), 3 survivors (6144K)
 Metaspace       used 14036K, committed 14272K, reserved 1114112K
  class space    used 2045K, committed 2112K, reserved 1048576K
}
Event: 6.927 GC heap before
{Heap before GC invocations=2 (full 0):
 garbage-first heap   total 253952K, used 25576K [0x0000000709400000, 0x0000000800000000)
  region size 2048K, 12 young (24576K), 3 survivors (6144K)
 Metaspace       used 21308K, committed 21504K, reserved 1114112K
  class space    used 2833K, committed 2944K, reserved 1048576K
}
Event: 6.937 GC heap after
{Heap after GC invocations=3 (full 0):
 garbage-first heap   total 253952K, used 12157K [0x0000000709400000, 0x0000000800000000)
  region size 2048K, 5 young (10240K), 5 survivors (10240K)
 Metaspace       used 21308K, committed 21504K, reserved 1114112K
  class space    used 2833K, committed 2944K, reserved 1048576K
}

Deoptimization events (20 events):
Event: 7.137 Thread 0x000002104542e7b0 Uncommon trap: trap_request=0xffffff45 fr.pc=0x000002106ac5512c relative=0x000000000000018c
Event: 7.137 Thread 0x000002104542e7b0 Uncommon trap: reason=unstable_if action=reinterpret pc=0x000002106ac5512c method=java.lang.String.startsWith(Ljava/lang/String;I)Z @ 50 c2
Event: 7.137 Thread 0x000002104542e7b0 DEOPT PACKING pc=0x000002106ac5512c sp=0x000000e8481fd150
Event: 7.137 Thread 0x000002104542e7b0 DEOPT UNPACKING pc=0x000002106a5123a3 sp=0x000000e8481fd0c8 mode 2
Event: 7.137 Thread 0x000002104542e7b0 Uncommon trap: trap_request=0xffffff45 fr.pc=0x000002106acaca14 relative=0x0000000000000194
Event: 7.137 Thread 0x000002104542e7b0 Uncommon trap: reason=unstable_if action=reinterpret pc=0x000002106acaca14 method=java.lang.String.equals(Ljava/lang/Object;)Z @ 33 c2
Event: 7.137 Thread 0x000002104542e7b0 DEOPT PACKING pc=0x000002106acaca14 sp=0x000000e8481fc270
Event: 7.137 Thread 0x000002104542e7b0 DEOPT UNPACKING pc=0x000002106a5123a3 sp=0x000000e8481fc210 mode 2
Event: 7.152 Thread 0x000002104542e7b0 Uncommon trap: trap_request=0xffffff45 fr.pc=0x000002106ad0875c relative=0x000000000000005c
Event: 7.152 Thread 0x000002104542e7b0 Uncommon trap: reason=unstable_if action=reinterpret pc=0x000002106ad0875c method=javafx.scene.Node.updateLocalToParentTransform()V @ 4 c2
Event: 7.152 Thread 0x000002104542e7b0 DEOPT PACKING pc=0x000002106ad0875c sp=0x000000e8481fcce0
Event: 7.152 Thread 0x000002104542e7b0 DEOPT UNPACKING pc=0x000002106a5123a3 sp=0x000000e8481fcc38 mode 2
Event: 7.766 Thread 0x0000021045950030 DEOPT PACKING pc=0x000002106354026c sp=0x000000e847afd1b0
Event: 7.766 Thread 0x0000021045950030 DEOPT UNPACKING pc=0x000002106a512b43 sp=0x000000e847afc5e8 mode 0
Event: 8.748 Thread 0x0000021045950030 Uncommon trap: trap_request=0xffffff45 fr.pc=0x000002106acfe058 relative=0x0000000000000798
Event: 8.748 Thread 0x0000021045950030 Uncommon trap: reason=unstable_if action=reinterpret pc=0x000002106acfe058 method=com.sun.marlin.MaskMarlinAlphaConsumer.setAndClearRelativeAlphas([I[IIII)V @ 414 c2
Event: 8.748 Thread 0x0000021045950030 DEOPT PACKING pc=0x000002106acfe058 sp=0x000000e847afd1d0
Event: 8.748 Thread 0x0000021045950030 DEOPT UNPACKING pc=0x000002106a5123a3 sp=0x000000e847afd0d8 mode 2
Event: 8.836 Thread 0x000002104542e7b0 DEOPT PACKING pc=0x0000021063167c3e sp=0x000000e8481fa500
Event: 8.836 Thread 0x000002104542e7b0 DEOPT UNPACKING pc=0x000002106a512b43 sp=0x000000e8481f99a0 mode 0

Classes unloaded (0 events):
No events

Classes redefined (0 events):
No events

Internal exceptions (20 events):
Event: 1.471 Thread 0x000002104542e7b0 Exception <a 'java/lang/NoSuchMethodError'{0x000000071880b760}: 'java.lang.Object java.lang.invoke.Invokers$Holder.linkToTargetMethod(java.lang.Object, long, java.lang.Object)'> (0x000000071880b760) 
thrown [s\open\src\hotspot\share\interpreter\linkResolver.cpp, line 759]
Event: 6.476 Thread 0x000002104542e7b0 Exception <a 'sun/nio/fs/WindowsException'{0x000000071845ad10}> (0x000000071845ad10) 
thrown [s\open\src\hotspot\share\prims\jni.cpp, line 516]
Event: 6.495 Thread 0x000002104542e7b0 Exception <a 'java/lang/NoSuchMethodError'{0x00000007184fa3c8}: 'java.lang.Object java.lang.invoke.DirectMethodHandle$Holder.invokeInterface(java.lang.Object, java.lang.Object)'> (0x00000007184fa3c8) 
thrown [s\open\src\hotspot\share\interpreter\linkResolver.cpp, line 759]
Event: 6.500 Thread 0x000002104542e7b0 Exception <a 'sun/nio/fs/WindowsException'{0x000000071855f908}> (0x000000071855f908) 
thrown [s\open\src\hotspot\share\prims\jni.cpp, line 516]
Event: 6.501 Thread 0x000002104542e7b0 Exception <a 'sun/nio/fs/WindowsException'{0x0000000718562260}> (0x0000000718562260) 
thrown [s\open\src\hotspot\share\prims\jni.cpp, line 516]
Event: 6.513 Thread 0x000002104542e7b0 Exception <a 'sun/nio/fs/WindowsException'{0x00000007185bf2a0}> (0x00000007185bf2a0) 
thrown [s\open\src\hotspot\share\prims\jni.cpp, line 516]
Event: 6.513 Thread 0x000002104542e7b0 Exception <a 'sun/nio/fs/WindowsException'{0x00000007185c2850}> (0x00000007185c2850) 
thrown [s\open\src\hotspot\share\prims\jni.cpp, line 516]
Event: 6.518 Thread 0x000002104542e7b0 Exception <a 'java/lang/NoSuchMethodError'{0x00000007185d23d0}: 'java.lang.Object java.lang.invoke.DirectMethodHandle$Holder.invokeVirtual(java.lang.Object, java.lang.Object, java.lang.Object)'> (0x00000007185d23d0) 
thrown [s\open\src\hotspot\share\interpreter\linkResolver.cpp, line 759]
Event: 6.700 Thread 0x000002104542e7b0 Exception <a 'sun/nio/fs/WindowsException'{0x0000000717fb9c78}> (0x0000000717fb9c78) 
thrown [s\open\src\hotspot\share\prims\jni.cpp, line 516]
Event: 6.765 Thread 0x000002104542e7b0 Exception <a 'sun/nio/fs/WindowsException'{0x0000000717cc6c90}> (0x0000000717cc6c90) 
thrown [s\open\src\hotspot\share\prims\jni.cpp, line 516]
Event: 6.773 Thread 0x000002104542e7b0 Exception <a 'sun/nio/fs/WindowsException'{0x0000000717cdb550}> (0x0000000717cdb550) 
thrown [s\open\src\hotspot\share\prims\jni.cpp, line 516]
Event: 6.780 Thread 0x000002104542e7b0 Exception <a 'java/lang/NoSuchMethodError'{0x0000000717ce9df8}: 'int java.lang.invoke.DirectMethodHandle$Holder.invokeStatic(java.lang.Object, java.lang.Object, java.lang.Object, java.lang.Object)'> (0x0000000717ce9df8) 
thrown [s\open\src\hotspot\share\interpreter\linkResolver.cpp, line 759]
Event: 6.781 Thread 0x000002104542e7b0 Exception <a 'java/lang/NoSuchMethodError'{0x0000000717cedb50}: 'int java.lang.invoke.DirectMethodHandle$Holder.invokeStaticInit(java.lang.Object, java.lang.Object, java.lang.Object, java.lang.Object)'> (0x0000000717cedb50) 
thrown [s\open\src\hotspot\share\interpreter\linkResolver.cpp, line 759]
Event: 6.783 Thread 0x000002104542e7b0 Exception <a 'java/lang/IncompatibleClassChangeError'{0x0000000717cf7248}: Found class java.lang.Object, but interface was expected> (0x0000000717cf7248) 
thrown [s\open\src\hotspot\share\interpreter\linkResolver.cpp, line 826]
Event: 6.826 Thread 0x000002104542e7b0 Exception <a 'java/lang/NoSuchMethodError'{0x0000000717db2b50}: 'java.lang.Object java.lang.invoke.DirectMethodHandle$Holder.invokeStaticInit(java.lang.Object, int, int, int, int)'> (0x0000000717db2b50) 
thrown [s\open\src\hotspot\share\interpreter\linkResolver.cpp, line 759]
Event: 6.875 Thread 0x000002104542e7b0 Exception <a 'java/lang/NoSuchMethodError'{0x0000000717ddf5a8}: 'java.lang.Object java.lang.invoke.DirectMethodHandle$Holder.invokeStaticInit(java.lang.Object, java.lang.Object, int, int, int, int)'> (0x0000000717ddf5a8) 
thrown [s\open\src\hotspot\share\interpreter\linkResolver.cpp, line 759]
Event: 6.909 Thread 0x000002104542e7b0 Exception <a 'java/lang/NoSuchMethodError'{0x0000000717a3a0a8}: 'int java.lang.invoke.DirectMethodHandle$Holder.invokeSpecial(java.lang.Object, java.lang.Object, java.lang.Object)'> (0x0000000717a3a0a8) 
thrown [s\open\src\hotspot\share\interpreter\linkResolver.cpp, line 759]
Event: 7.300 Thread 0x0000021045950030 Exception <a 'java/lang/NoSuchMethodError'{0x000000070bb98d30}: 'java.lang.Object java.lang.invoke.DirectMethodHandle$Holder.invokeStaticInit(java.lang.Object, int)'> (0x000000070bb98d30) 
thrown [s\open\src\hotspot\share\interpreter\linkResolver.cpp, line 759]
Event: 8.876 Thread 0x000002104542e7b0 Exception <a 'java/io/FileNotFoundException'{0x000000070b507ec8}> (0x000000070b507ec8) 
thrown [s\open\src\hotspot\share\prims\jni.cpp, line 516]
Event: 11.531 Thread 0x000002104542e7b0 Exception <a 'java/lang/NoSuchMethodError'{0x000000070b22e438}: 'java.lang.Object java.lang.invoke.DirectMethodHandle$Holder.newInvokeSpecial(java.lang.Object, java.lang.Object, java.lang.Object, double, double, double, double, int, int, int, int, int, int, int, int, int)'> (0x000000070b22e438) 
thrown [s\open\src\hotspot\share\interpreter\linkResolver.cpp, line 759]

VM Operations (20 events):
Event: 6.812 Executing VM operation: HandshakeAllThreads done
Event: 6.927 Executing VM operation: CollectForMetadataAllocation
Event: 6.937 Executing VM operation: CollectForMetadataAllocation done
Event: 6.942 Executing VM operation: G1Concurrent
Event: 6.945 Executing VM operation: G1Concurrent done
Event: 6.947 Executing VM operation: G1Concurrent
Event: 6.947 Executing VM operation: G1Concurrent done
Event: 7.001 Executing VM operation: HandshakeAllThreads
Event: 7.001 Executing VM operation: HandshakeAllThreads done
Event: 8.002 Executing VM operation: Cleanup
Event: 8.002 Executing VM operation: Cleanup done
Event: 10.002 Executing VM operation: Cleanup
Event: 10.002 Executing VM operation: Cleanup done
Event: 11.003 Executing VM operation: Cleanup
Event: 11.003 Executing VM operation: Cleanup done
Event: 12.003 Executing VM operation: Cleanup
Event: 12.003 Executing VM operation: Cleanup done
Event: 14.004 Executing VM operation: Cleanup
Event: 14.004 Executing VM operation: Cleanup done
Event: 14.812 Executing VM operation: Exit

Events (20 events):
Event: 7.106 loading class java/time/format/DateTimeParseException
Event: 7.106 loading class java/time/DateTimeException
Event: 7.106 loading class java/time/DateTimeException done
Event: 7.106 loading class java/time/format/DateTimeParseException done
Event: 7.286 Thread 0x000002104507a8a0 Thread exited: 0x000002104507a8a0
Event: 8.178 Thread 0x0000021045078530 Thread exited: 0x0000021045078530
Event: 8.851 Thread 0x0000021045079460 Thread added: 0x0000021045079460
Event: 8.913 Thread 0x0000021045079e80 Thread added: 0x0000021045079e80
Event: 9.105 Thread 0x0000021045079e80 Thread exited: 0x0000021045079e80
Event: 9.105 Thread 0x0000021045079460 Thread exited: 0x0000021045079460
Event: 9.757 Thread 0x000002107ee90860 Thread exited: 0x000002107ee90860
Event: 11.118 Thread 0x000002107ee902a0 Thread exited: 0x000002107ee902a0
Event: 11.118 Thread 0x000002107ee44b20 Thread exited: 0x000002107ee44b20
Event: 14.809 loading class jdk/internal/misc/Signal$1
Event: 14.809 loading class jdk/internal/misc/Signal$1 done
Event: 14.809 Thread 0x00000210467a5ad0 Thread added: 0x00000210467a5ad0
Event: 14.810 Thread 0x00000210467a77b0 Thread added: 0x00000210467a77b0
Event: 14.810 Thread 0x00000210467a8150 Thread added: 0x00000210467a8150
Event: 14.811 Thread 0x00000210467a8150 Thread exited: 0x00000210467a8150
Event: 14.812 Thread 0x00000210467a77b0 Thread exited: 0x00000210467a77b0


Dynamic libraries:
0x00007ff73a070000 - 0x00007ff73a080000 	C:\Program Files\Java\jdk-17\bin\java.exe
0x00007ffa6ee90000 - 0x00007ffa6f0a7000 	C:\Windows\SYSTEM32\ntdll.dll
0x00007ffa6dbb0000 - 0x00007ffa6dc74000 	C:\Windows\System32\KERNEL32.DLL
0x00007ffa6c570000 - 0x00007ffa6c916000 	C:\Windows\System32\KERNELBASE.dll
0x00007ffa6c3e0000 - 0x00007ffa6c4f1000 	C:\Windows\System32\ucrtbase.dll
0x00007ffa54ec0000 - 0x00007ffa54ed9000 	C:\Program Files\Java\jdk-17\bin\jli.dll
0x00007ffa54ee0000 - 0x00007ffa54efb000 	C:\Program Files\Java\jdk-17\bin\VCRUNTIME140.dll
0x00007ffa6d710000 - 0x00007ffa6d7c3000 	C:\Windows\System32\ADVAPI32.dll
0x00007ffa6d420000 - 0x00007ffa6d4c7000 	C:\Windows\System32\msvcrt.dll
0x00007ffa6da40000 - 0x00007ffa6dae8000 	C:\Windows\System32\sechost.dll
0x00007ffa6c9d0000 - 0x00007ffa6c9f8000 	C:\Windows\System32\bcrypt.dll
0x00007ffa6d060000 - 0x00007ffa6d177000 	C:\Windows\System32\RPCRT4.dll
0x00007ffa6ec80000 - 0x00007ffa6ee2e000 	C:\Windows\System32\USER32.dll
0x00007ffa4d6d0000 - 0x00007ffa4d963000 	C:\Windows\WinSxS\amd64_microsoft.windows.common-controls_6595b64144ccf1df_6.0.22621.2506_none_270c5ae97388e100\COMCTL32.dll
0x00007ffa6c9a0000 - 0x00007ffa6c9c6000 	C:\Windows\System32\win32u.dll
0x00007ffa6daf0000 - 0x00007ffa6db19000 	C:\Windows\System32\GDI32.dll
0x00007ffa6ca00000 - 0x00007ffa6cb18000 	C:\Windows\System32\gdi32full.dll
0x00007ffa63370000 - 0x00007ffa6337a000 	C:\Windows\SYSTEM32\VERSION.dll
0x00007ffa6c340000 - 0x00007ffa6c3da000 	C:\Windows\System32\msvcp_win.dll
0x00007ffa6e8b0000 - 0x00007ffa6e8e1000 	C:\Windows\System32\IMM32.DLL
0x00007ffa54eb0000 - 0x00007ffa54ebc000 	C:\Program Files\Java\jdk-17\bin\vcruntime140_1.dll
0x00007ffa4a100000 - 0x00007ffa4a18e000 	C:\Program Files\Java\jdk-17\bin\msvcp140.dll
0x00007ff9fc580000 - 0x00007ff9fd15e000 	C:\Program Files\Java\jdk-17\bin\server\jvm.dll
0x00007ffa6d530000 - 0x00007ffa6d538000 	C:\Windows\System32\PSAPI.DLL
0x00007ffa64de0000 - 0x00007ffa64e14000 	C:\Windows\SYSTEM32\WINMM.dll
0x00007ffa4e6f0000 - 0x00007ffa4e6f9000 	C:\Windows\SYSTEM32\WSOCK32.dll
0x00007ffa6d540000 - 0x00007ffa6d5b1000 	C:\Windows\System32\WS2_32.dll
0x00007ffa6b210000 - 0x00007ffa6b228000 	C:\Windows\SYSTEM32\kernel.appcore.dll
0x00007ffa4f440000 - 0x00007ffa4f44a000 	C:\Program Files\Java\jdk-17\bin\jimage.dll
0x00007ffa60f90000 - 0x00007ffa611c3000 	C:\Windows\SYSTEM32\DBGHELP.DLL
0x00007ffa6e8f0000 - 0x00007ffa6ec79000 	C:\Windows\System32\combase.dll
0x00007ffa6e7d0000 - 0x00007ffa6e8a7000 	C:\Windows\System32\OLEAUT32.dll
0x00007ffa4e190000 - 0x00007ffa4e1c2000 	C:\Windows\SYSTEM32\dbgcore.DLL
0x00007ffa6c920000 - 0x00007ffa6c99a000 	C:\Windows\System32\bcryptPrimitives.dll
0x00007ffa676f0000 - 0x00007ffa676fe000 	C:\Program Files\Java\jdk-17\bin\instrument.dll
0x00007ffa47f60000 - 0x00007ffa47f85000 	C:\Program Files\Java\jdk-17\bin\java.dll
0x00007ffa47fa0000 - 0x00007ffa48077000 	C:\Program Files\Java\jdk-17\bin\jsvml.dll
0x00007ffa6def0000 - 0x00007ffa6e74b000 	C:\Windows\System32\SHELL32.dll
0x00007ffa6a130000 - 0x00007ffa6aa26000 	C:\Windows\SYSTEM32\windows.storage.dll
0x00007ffa69ff0000 - 0x00007ffa6a12e000 	C:\Windows\SYSTEM32\wintypes.dll
0x00007ffa6d940000 - 0x00007ffa6da33000 	C:\Windows\System32\SHCORE.dll
0x00007ffa6dc90000 - 0x00007ffa6dcee000 	C:\Windows\System32\shlwapi.dll
0x00007ffa6c100000 - 0x00007ffa6c126000 	C:\Windows\SYSTEM32\profapi.dll
0x00007ffa54e90000 - 0x00007ffa54ea9000 	C:\Program Files\Java\jdk-17\bin\net.dll
0x00007ffa663e0000 - 0x00007ffa66517000 	C:\Windows\SYSTEM32\WINHTTP.dll
0x00007ffa6b690000 - 0x00007ffa6b6f9000 	C:\Windows\system32\mswsock.dll
0x00007ffa4a1f0000 - 0x00007ffa4a206000 	C:\Program Files\Java\jdk-17\bin\nio.dll
0x00007ffa47f40000 - 0x00007ffa47f58000 	C:\Program Files\Java\jdk-17\bin\zip.dll
0x00007ffa676d0000 - 0x00007ffa676ea000 	C:\Program Files\JetBrains\IntelliJ IDEA Community Edition 2023.2.1\bin\breakgen64.dll
0x000002105b730000 - 0x000002105b733000 	C:\Users\Michael\.openjfx\cache\17.0.6\api-ms-win-core-console-l1-1-0.dll
0x000002105b740000 - 0x000002105b743000 	C:\Users\Michael\.openjfx\cache\17.0.6\api-ms-win-core-console-l1-2-0.dll
0x000002105b750000 - 0x000002105b753000 	C:\Users\Michael\.openjfx\cache\17.0.6\api-ms-win-core-datetime-l1-1-0.dll
0x000002105b760000 - 0x000002105b763000 	C:\Users\Michael\.openjfx\cache\17.0.6\api-ms-win-core-debug-l1-1-0.dll
0x000002105b770000 - 0x000002105b773000 	C:\Users\Michael\.openjfx\cache\17.0.6\api-ms-win-core-errorhandling-l1-1-0.dll
0x000002105b780000 - 0x000002105b784000 	C:\Users\Michael\.openjfx\cache\17.0.6\api-ms-win-core-file-l1-1-0.dll
0x000002105b790000 - 0x000002105b793000 	C:\Users\Michael\.openjfx\cache\17.0.6\api-ms-win-core-file-l1-2-0.dll
0x000002107f930000 - 0x000002107f933000 	C:\Users\Michael\.openjfx\cache\17.0.6\api-ms-win-core-file-l2-1-0.dll
0x000002107f940000 - 0x000002107f943000 	C:\Users\Michael\.openjfx\cache\17.0.6\api-ms-win-core-handle-l1-1-0.dll
0x000002107f950000 - 0x000002107f953000 	C:\Users\Michael\.openjfx\cache\17.0.6\api-ms-win-core-heap-l1-1-0.dll
0x000002107f960000 - 0x000002107f963000 	C:\Users\Michael\.openjfx\cache\17.0.6\api-ms-win-core-interlocked-l1-1-0.dll
0x000002107f970000 - 0x000002107f973000 	C:\Users\Michael\.openjfx\cache\17.0.6\api-ms-win-core-libraryloader-l1-1-0.dll
0x000002107f980000 - 0x000002107f983000 	C:\Users\Michael\.openjfx\cache\17.0.6\api-ms-win-core-localization-l1-2-0.dll
0x000002107f990000 - 0x000002107f993000 	C:\Users\Michael\.openjfx\cache\17.0.6\api-ms-win-core-memory-l1-1-0.dll
0x000002107f9a0000 - 0x000002107f9a3000 	C:\Users\Michael\.openjfx\cache\17.0.6\api-ms-win-core-namedpipe-l1-1-0.dll
0x000002107fad0000 - 0x000002107fad3000 	C:\Users\Michael\.openjfx\cache\17.0.6\api-ms-win-core-processenvironment-l1-1-0.dll
0x000002107fae0000 - 0x000002107fae3000 	C:\Users\Michael\.openjfx\cache\17.0.6\api-ms-win-core-processthreads-l1-1-0.dll
0x000002107faf0000 - 0x000002107faf3000 	C:\Users\Michael\.openjfx\cache\17.0.6\api-ms-win-core-processthreads-l1-1-1.dll
0x000002107fb00000 - 0x000002107fb03000 	C:\Users\Michael\.openjfx\cache\17.0.6\api-ms-win-core-profile-l1-1-0.dll
0x000002107fb10000 - 0x000002107fb13000 	C:\Users\Michael\.openjfx\cache\17.0.6\api-ms-win-core-rtlsupport-l1-1-0.dll
0x000002107fc50000 - 0x000002107fc53000 	C:\Users\Michael\.openjfx\cache\17.0.6\api-ms-win-core-string-l1-1-0.dll
0x000002107fc60000 - 0x000002107fc63000 	C:\Users\Michael\.openjfx\cache\17.0.6\api-ms-win-core-synch-l1-1-0.dll
0x000002107fc70000 - 0x000002107fc73000 	C:\Users\Michael\.openjfx\cache\17.0.6\api-ms-win-core-synch-l1-2-0.dll
0x000002107fc80000 - 0x000002107fc83000 	C:\Users\Michael\.openjfx\cache\17.0.6\api-ms-win-core-sysinfo-l1-1-0.dll
0x000002107f9b0000 - 0x000002107f9b3000 	C:\Users\Michael\.openjfx\cache\17.0.6\api-ms-win-core-timezone-l1-1-0.dll
0x000002107f9c0000 - 0x000002107f9c3000 	C:\Users\Michael\.openjfx\cache\17.0.6\api-ms-win-core-util-l1-1-0.dll
0x000002107f9d0000 - 0x000002107f9d3000 	C:\Users\Michael\.openjfx\cache\17.0.6\api-ms-win-crt-conio-l1-1-0.dll
0x000002107f9e0000 - 0x000002107f9e4000 	C:\Users\Michael\.openjfx\cache\17.0.6\api-ms-win-crt-convert-l1-1-0.dll
0x000002107f9f0000 - 0x000002107f9f3000 	C:\Users\Michael\.openjfx\cache\17.0.6\api-ms-win-crt-environment-l1-1-0.dll
0x000002107fa00000 - 0x000002107fa03000 	C:\Users\Michael\.openjfx\cache\17.0.6\api-ms-win-crt-filesystem-l1-1-0.dll
0x000002107fa10000 - 0x000002107fa13000 	C:\Users\Michael\.openjfx\cache\17.0.6\api-ms-win-crt-heap-l1-1-0.dll
0x000002107fa20000 - 0x000002107fa23000 	C:\Users\Michael\.openjfx\cache\17.0.6\api-ms-win-crt-locale-l1-1-0.dll
0x000002107fa30000 - 0x000002107fa35000 	C:\Users\Michael\.openjfx\cache\17.0.6\api-ms-win-crt-math-l1-1-0.dll
0x000002107fa40000 - 0x000002107fa45000 	C:\Users\Michael\.openjfx\cache\17.0.6\api-ms-win-crt-multibyte-l1-1-0.dll
0x000002107fa50000 - 0x000002107fa60000 	C:\Users\Michael\.openjfx\cache\17.0.6\api-ms-win-crt-private-l1-1-0.dll
0x000002107fa60000 - 0x000002107fa63000 	C:\Users\Michael\.openjfx\cache\17.0.6\api-ms-win-crt-process-l1-1-0.dll
0x000002107fa70000 - 0x000002107fa74000 	C:\Users\Michael\.openjfx\cache\17.0.6\api-ms-win-crt-runtime-l1-1-0.dll
0x000002107fa80000 - 0x000002107fa84000 	C:\Users\Michael\.openjfx\cache\17.0.6\api-ms-win-crt-stdio-l1-1-0.dll
0x000002107fa90000 - 0x000002107fa94000 	C:\Users\Michael\.openjfx\cache\17.0.6\api-ms-win-crt-string-l1-1-0.dll
0x000002107faa0000 - 0x000002107faa3000 	C:\Users\Michael\.openjfx\cache\17.0.6\api-ms-win-crt-time-l1-1-0.dll
0x000002107fab0000 - 0x000002107fab3000 	C:\Users\Michael\.openjfx\cache\17.0.6\api-ms-win-crt-utility-l1-1-0.dll
0x00007ffa1b9d0000 - 0x00007ffa1bacc000 	C:\Users\Michael\.openjfx\cache\17.0.6\ucrtbase.dll
0x00007ffa378b0000 - 0x00007ffa378ca000 	C:\Users\Michael\.openjfx\cache\17.0.6\vcruntime140.dll
0x00007ffa484e0000 - 0x00007ffa484ec000 	C:\Users\Michael\.openjfx\cache\17.0.6\vcruntime140_1.dll
0x00007ffa1b940000 - 0x00007ffa1b9cd000 	C:\Users\Michael\.openjfx\cache\17.0.6\msvcp140.dll
0x00007ffa47f90000 - 0x00007ffa47f99000 	C:\Users\Michael\.openjfx\cache\17.0.6\msvcp140_1.dll
0x00007ffa1db90000 - 0x00007ffa1dbbf000 	C:\Users\Michael\.openjfx\cache\17.0.6\msvcp140_2.dll
0x00007ffa1d5a0000 - 0x00007ffa1d5ca000 	C:\Users\Michael\.openjfx\cache\17.0.6\prism_d3d.dll
0x00007ffa26770000 - 0x00007ffa26919000 	C:\Windows\system32\d3d9.dll
0x00007ffa69980000 - 0x00007ffa699ab000 	C:\Windows\SYSTEM32\dwmapi.dll
0x00007ffa69830000 - 0x00007ffa69869000 	C:\Windows\SYSTEM32\dxcore.dll
0x00007ffa69720000 - 0x00007ffa697cb000 	C:\Windows\system32\uxtheme.dll
0x00007ffa62080000 - 0x00007ffa6223b000 	C:\Windows\System32\DriverStore\FileRepository\u0390792.inf_amd64_c7c1ce20b2f1c813\B390782\aticfx64.dll
0x00007ffa533c0000 - 0x00007ffa533f4000 	C:\Windows\System32\DriverStore\FileRepository\u0390792.inf_amd64_c7c1ce20b2f1c813\B390782\atiu9p64.dll
0x00007ffa25a10000 - 0x00007ffa26765000 	C:\Windows\System32\DriverStore\FileRepository\u0390792.inf_amd64_c7c1ce20b2f1c813\B390782\atiumd64.dll
0x00007ffa6dd50000 - 0x00007ffa6def0000 	C:\Windows\System32\ole32.dll
0x0000000056eb0000 - 0x0000000057dd7000 	C:\Windows\System32\DriverStore\FileRepository\u0390792.inf_amd64_c7c1ce20b2f1c813\B390782\atiumd6a.dll
0x00007ffa6cbe0000 - 0x00007ffa6d054000 	C:\Windows\System32\SETUPAPI.dll
0x00007ffa6bef0000 - 0x00007ffa6bf3d000 	C:\Windows\SYSTEM32\POWRPROF.dll
0x00007ffa6bed0000 - 0x00007ffa6bee3000 	C:\Windows\SYSTEM32\UMPDC.dll
0x00007ffa60f50000 - 0x00007ffa60f85000 	C:\Windows\SYSTEM32\amdihk64.dll
0x00007ffa66640000 - 0x00007ffa6668a000 	C:\Windows\SYSTEM32\directxdatabasehelper.dll
0x00007ffa1b8f0000 - 0x00007ffa1b932000 	C:\Users\Michael\.openjfx\cache\17.0.6\glass.dll
0x00007ffa6d5c0000 - 0x00007ffa6d6b9000 	C:\Windows\System32\COMDLG32.dll
0x00007ffa6d7d0000 - 0x00007ffa6d921000 	C:\Windows\System32\MSCTF.dll
0x00007ffa36b80000 - 0x00007ffa36b94000 	C:\Users\Michael\.openjfx\cache\17.0.6\javafx_font.dll
0x00007ffa68030000 - 0x00007ffa682a4000 	C:\Windows\SYSTEM32\dwrite.dll
0x00007ffa6d370000 - 0x00007ffa6d420000 	C:\Windows\System32\clbcatq.dll
0x00007ffa67e80000 - 0x00007ffa68030000 	C:\Windows\SYSTEM32\WindowsCodecs.dll
0x00007ffa403e0000 - 0x00007ffa4043e000 	C:\Windows\system32\dataexchange.dll
0x00007ffa63540000 - 0x00007ffa637c7000 	C:\Windows\system32\twinapi.appcore.dll
0x00007ffa48110000 - 0x00007ffa48142000 	C:\Program Files\Common Files\Microsoft Shared\Ink\rtscom.dll
0x00007ffa53540000 - 0x00007ffa5368a000 	C:\Windows\SYSTEM32\textinputframework.dll
0x00007ffa69280000 - 0x00007ffa693b4000 	C:\Windows\SYSTEM32\CoreMessaging.dll
0x00007ffa65350000 - 0x00007ffa656bc000 	C:\Windows\SYSTEM32\CoreUIComponents.dll
0x00007ffa6b8e0000 - 0x00007ffa6b8ec000 	C:\Windows\SYSTEM32\CRYPTBASE.DLL
0x00007ffa6acc0000 - 0x00007ffa6adb9000 	C:\Windows\SYSTEM32\DNSAPI.dll
0x00007ffa6ac90000 - 0x00007ffa6acbd000 	C:\Windows\SYSTEM32\IPHLPAPI.DLL
0x00007ffa6d930000 - 0x00007ffa6d939000 	C:\Windows\System32\NSI.dll

dbghelp: loaded successfully - version: 4.0.5 - missing functions: none
symbol engine: initialized successfully - sym options: 0x614 - pdb path: .;C:\Program Files\Java\jdk-17\bin;C:\Windows\SYSTEM32;C:\Windows\WinSxS\amd64_microsoft.windows.common-controls_6595b64144ccf1df_6.0.22621.2506_none_270c5ae97388e100;C:\Program Files\Java\jdk-17\bin\server;C:\Program Files\JetBrains\IntelliJ IDEA Community Edition 2023.2.1\bin;C:\Users\Michael\.openjfx\cache\17.0.6;C:\Windows\System32\DriverStore\FileRepository\u0390792.inf_amd64_c7c1ce20b2f1c813\B390782;C:\Program Files\Common Files\Microsoft Shared\Ink;C:\Program Files\Bonjour

VM Arguments:
jvm_args: -javaagent:C:\Program Files\JetBrains\IntelliJ IDEA Community Edition 2023.2.1\lib\idea_rt.jar=61151:C:\Program Files\JetBrains\IntelliJ IDEA Community Edition 2023.2.1\bin -Dfile.encoding=UTF-8 --module-path=C:\Users\Michael\.m2\repository\org\openjfx\javafx-base\17.0.6\javafx-base-17.0.6-win.jar;C:\Users\Michael\.m2\repository\org\openjfx\javafx-controls\17.0.6\javafx-controls-17.0.6-win.jar;C:\Users\Michael\.m2\repository\org\openjfx\javafx-graphics\17.0.6\javafx-graphics-17.0.6-win.jar;C:\Users\Michael\IdeaProjects\courselast\target\classes;C:\Users\Michael\.m2\repository\org\openjfx\javafx-fxml\17.0.6\javafx-fxml-17.0.6-win.jar -Djdk.module.main=com.example.courselast 
java_command: com.example.courselast/com.example.courselast.Main
java_class_path (initial): C:\Users\Michael\.m2\repository\org\openjfx\javafx-controls\17.0.6\javafx-controls-17.0.6.jar;C:\Users\Michael\.m2\repository\org\openjfx\javafx-graphics\17.0.6\javafx-graphics-17.0.6.jar;C:\Users\Michael\.m2\repository\org\openjfx\javafx-base\17.0.6\javafx-base-17.0.6.jar;C:\Users\Michael\.m2\repository\org\openjfx\javafx-fxml\17.0.6\javafx-fxml-17.0.6.jar;C:\Users\Michael\jdbs plagin\mysql-connector-j-8.3.0\mysql-connector-j-8.3.0\mysql-connector-j-8.3.0.jar
Launcher Type: SUN_STANDARD

[Global flags]
     intx CICompilerCount                          = 12                                        {product} {ergonomic}
     uint ConcGCThreads                            = 3                                         {product} {ergonomic}
     uint G1ConcRefinementThreads                  = 13                                        {product} {ergonomic}
   size_t G1HeapRegionSize                         = 2097152                                   {product} {ergonomic}
    uintx GCDrainStackTargetSize                   = 64                                        {product} {ergonomic}
   size_t InitialHeapSize                          = 260046848                                 {product} {ergonomic}
   size_t MarkStackSize                            = 4194304                                   {product} {ergonomic}
   size_t MaxHeapSize                              = 4139778048                                {product} {ergonomic}
   size_t MaxNewSize                               = 2483027968                                {product} {ergonomic}
   size_t MinHeapDeltaBytes                        = 2097152                                   {product} {ergonomic}
   size_t MinHeapSize                              = 8388608                                   {product} {ergonomic}
    uintx NonNMethodCodeHeapSize                   = 7602480                                {pd product} {ergonomic}
    uintx NonProfiledCodeHeapSize                  = 122027880                              {pd product} {ergonomic}
    uintx ProfiledCodeHeapSize                     = 122027880                              {pd product} {ergonomic}
    uintx ReservedCodeCacheSize                    = 251658240                              {pd product} {ergonomic}
     bool SegmentedCodeCache                       = true                                      {product} {ergonomic}
   size_t SoftMaxHeapSize                          = 4139778048                             {manageable} {ergonomic}
     bool UseCompressedClassPointers               = true                           {product lp64_product} {ergonomic}
     bool UseCompressedOops                        = true                           {product lp64_product} {ergonomic}
     bool UseG1GC                                  = true                                      {product} {ergonomic}
     bool UseLargePagesIndividualAllocation        = false                                  {pd product} {ergonomic}

Logging:
Log output configuration:
 #0: stdout all=off uptime,level,tags
 #1: stderr all=off uptime,level,tags

Environment Variables:
PATH=C:\Program Files\Common Files\Oracle\Java\javapath;C:\Windows\system32;C:\Windows;C:\Windows\System32\Wbem;C:\Windows\System32\WindowsPowerShell\v1.0\;C:\Windows\System32\OpenSSH\;C:\Program Files\Microsoft SQL Server\130\Tools\Binn\;C:\Program Files\Microsoft SQL Server\Client SDK\ODBC\170\Tools\Binn\;C:\Program Files\Microsoft SQL Server\120\Tools\Binn\;C:\Program Files\Common Files\Autodesk Shared\;C:\Program Files (x86)\dotnet\;C:\Program Files\Git\cmd;C:\Ruby32-x64\bin;C:\RailsInstaller\Git\cmd;C:\RailsInstaller\Ruby2.3.3\bin;C:\Program Files\MySQL\MySQL Shell 8.0\bin\;C:\Users\Michael\AppData\Local\Microsoft\WindowsApps;C:\Users\Michael\AppData\Local\Programs\Microsoft VS Code\bin;C:\Users\Michael\AppData\Local\GitHubDesktop\bin
USERNAME=Michael
OS=Windows_NT
PROCESSOR_IDENTIFIER=AMD64 Family 23 Model 96 Stepping 1, AuthenticAMD



---------------  S Y S T E M  ---------------

OS:
 Windows 11 , 64 bit Build 22621 (10.0.22621.3085)
OS uptime: 0 days 3:15 hours

CPU: total 16 (initial active 16) (16 cores per cpu, 2 threads per core) family 23 model 96 stepping 1 microcode 0x0, cx8, cmov, fxsr, ht, mmx, 3dnowpref, sse, sse2, sse3, ssse3, sse4a, sse4.1, sse4.2, popcnt, lzcnt, tsc, tscinvbit, avx, avx2, aes, clmul, bmi1, bmi2, adx, sha, fma, vzeroupper, clflush, clflushopt

Memory: 4k page, system-wide physical 15791M (6558M free)
TotalPageFile size 18223M (AvailPageFile size 6804M)
current process WorkingSet (physical memory assigned to process): 153M, peak: 180M
current process commit charge ("private bytes"): 262M, peak: 454M

vm_info: Java HotSpot(TM) 64-Bit Server VM (17.0.8+9-LTS-211) for windows-amd64 JRE (17.0.8+9-LTS-211), built on Jun 14 2023 10:34:31 by "mach5one" with MS VC++ 17.1 (VS2022)

END.
